[03-Aug-2013 07:53:05 UTC] RBMVC\Bootstrap::setupLogging::> Array
(
    [database] => Array
        (
            [user] => root
            [host] => localhost
            [name] => basti_test
            [pass] => root
            [driver] => mysql
            [pdo_options] => Array
                (
                    [12] => 1
                    [3] => 2
                    [19] => 2
                )

        )

    [language] => Array
        (
            [default_language] => de
        )

)

[03-Aug-2013 07:53:05 UTC] RBMVC\Core\Dispatcher::setupController::> Class RBMVC\Controller\IndexController could not be loaded
[03-Aug-2013 07:53:05 UTC] PHP Fatal error:  spl_autoload(): Class RBMVC\Controller\IndexController could not be loaded in /Users/ricoschulz/www/rbmvc/rbmvc/core/dispatcher.php on line 36
[03-Aug-2013 07:54:01 UTC] RBMVC\Core\Dispatcher::setupController::> Class Application\Controller\IndexController could not be loaded
[03-Aug-2013 07:54:01 UTC] PHP Fatal error:  spl_autoload(): Class RBMVC\Core\Model\User could not be loaded in /Users/ricoschulz/www/rbmvc/rbmvc/core/controller/abstractcontroller.php on line 57
[03-Aug-2013 07:54:51 UTC] PHP Fatal error:  spl_autoload(): Class RBMVC\Core\Model\User could not be loaded in /Users/ricoschulz/www/rbmvc/rbmvc/core/controller/abstractcontroller.php on line 57
[03-Aug-2013 07:58:39 UTC] PHP Warning:  include(../data/config/navigation.php): failed to open stream: No such file or directory in /Users/ricoschulz/www/rbmvc/rbmvc/core/view/helper/navigation.php on line 7
[03-Aug-2013 07:58:39 UTC] PHP Warning:  include(../data/config/navigation.php): failed to open stream: No such file or directory in /Users/ricoschulz/www/rbmvc/rbmvc/core/view/helper/navigation.php on line 7
[03-Aug-2013 07:58:39 UTC] PHP Warning:  include(): Failed opening '../data/config/navigation.php' for inclusion (include_path='../') in /Users/ricoschulz/www/rbmvc/rbmvc/core/view/helper/navigation.php on line 7
[03-Aug-2013 07:58:39 UTC] PHP Warning:  Invalid argument supplied for foreach() in /Users/ricoschulz/www/rbmvc/rbmvc/core/view/helper/navigation.php on line 12
[03-Aug-2013 07:58:39 UTC] PHP Warning:  Invalid argument supplied for foreach() in /Users/ricoschulz/www/rbmvc/template/layout/partials/nav.phtml on line 2
[03-Aug-2013 07:58:39 UTC] RBMVC\Core\Translator::loadTranslationFile::> No translation file found for this lang: de.
[03-Aug-2013 07:58:45 UTC] PHP Warning:  include(../data/config/navigation.php): failed to open stream: No such file or directory in /Users/ricoschulz/www/rbmvc/rbmvc/core/view/helper/navigation.php on line 7
[03-Aug-2013 07:58:45 UTC] PHP Warning:  include(../data/config/navigation.php): failed to open stream: No such file or directory in /Users/ricoschulz/www/rbmvc/rbmvc/core/view/helper/navigation.php on line 7
[03-Aug-2013 07:58:45 UTC] PHP Warning:  include(): Failed opening '../data/config/navigation.php' for inclusion (include_path='../') in /Users/ricoschulz/www/rbmvc/rbmvc/core/view/helper/navigation.php on line 7
[03-Aug-2013 07:58:45 UTC] PHP Warning:  Invalid argument supplied for foreach() in /Users/ricoschulz/www/rbmvc/rbmvc/core/view/helper/navigation.php on line 12
[03-Aug-2013 07:58:45 UTC] PHP Warning:  Invalid argument supplied for foreach() in /Users/ricoschulz/www/rbmvc/template/layout/partials/nav.phtml on line 2
[03-Aug-2013 07:58:45 UTC] RBMVC\Core\Translator::loadTranslationFile::> No translation file found for this lang: de.
[03-Aug-2013 08:00:18 UTC] PHP Warning:  include(../data/config/navigation.php): failed to open stream: No such file or directory in /Users/ricoschulz/www/rbmvc/rbmvc/core/view/helper/navigation.php on line 7
[03-Aug-2013 08:00:18 UTC] PHP Warning:  include(../data/config/navigation.php): failed to open stream: No such file or directory in /Users/ricoschulz/www/rbmvc/rbmvc/core/view/helper/navigation.php on line 7
[03-Aug-2013 08:00:18 UTC] PHP Warning:  include(): Failed opening '../data/config/navigation.php' for inclusion (include_path='../') in /Users/ricoschulz/www/rbmvc/rbmvc/core/view/helper/navigation.php on line 7
[03-Aug-2013 08:00:18 UTC] PHP Warning:  Invalid argument supplied for foreach() in /Users/ricoschulz/www/rbmvc/rbmvc/core/view/helper/navigation.php on line 12
[03-Aug-2013 08:00:18 UTC] PHP Warning:  Invalid argument supplied for foreach() in /Users/ricoschulz/www/rbmvc/template/layout/partials/nav.phtml on line 2
[03-Aug-2013 08:00:18 UTC] RBMVC\Core\Translator::loadTranslationFile::> No translation file found for this lang: de.
[03-Aug-2013 08:00:45 UTC] RBMVC\Core\Translator::loadTranslationFile::> No translation file found for this lang: de.
[03-Aug-2013 08:00:46 UTC] RBMVC\Core\Translator::loadTranslationFile::> No translation file found for this lang: de.
[03-Aug-2013 08:00:47 UTC] RBMVC\Core\Translator::loadTranslationFile::> No translation file found for this lang: de.
[03-Aug-2013 08:07:41 UTC] PHP Fatal error:  spl_autoload(): Class Application\Controller\Session could not be loaded in /Users/ricoschulz/www/rbmvc/application/controller/abstractcontroller.php on line 27
[03-Aug-2013 08:09:03 UTC] PHP Catchable fatal error:  Object of class Application\Model\User could not be converted to string in /Users/ricoschulz/www/rbmvc/rbmvc/core/db/db.php on line 73
[03-Aug-2013 08:14:58 UTC] RBMVC\Core\DB\DB::execute::> SELECT * FROM entry WHERE 1=1  AND id = :id 
[03-Aug-2013 08:14:58 UTC] RBMVC\Core\DB\DB::execute::> SELECT * FROM user WHERE 1=1  AND id = :id 
[03-Aug-2013 08:14:58 UTC] RBMVC\Core\DB\DB::execute::> UPDATE entry SET user_id = :user_id, user = :user, date = :date, title = :title, text = :text WHERE 1=1  AND id = :id 
[03-Aug-2013 08:14:58 UTC] PHP Catchable fatal error:  Object of class Application\Model\User could not be converted to string in /Users/ricoschulz/www/rbmvc/rbmvc/core/db/db.php on line 76
[03-Aug-2013 08:15:34 UTC] RBMVC\Core\DB\DB::execute::> Array
(
    [:id] => 42
)

[03-Aug-2013 08:15:34 UTC] RBMVC\Core\DB\DB::execute::> Array
(
    [:id] => 1
)

[03-Aug-2013 08:15:34 UTC] RBMVC\Core\DB\DB::execute::> Array
(
    [:id] => 42
    [:user_id] => 1
    [:user] => Application\Model\User Object
        (
            [username:Application\Model\User:private] => skanky
            [password:Application\Model\User:private] => test
            [email:Application\Model\User:private] => rico-schulz@web.de
            [useGroups:Application\Model\User:private] => 
            [isActive:Application\Model\User:private] => 1
            [id:protected] => 1
            [db:protected] => RBMVC\Core\DB\DB Object
                (
                    [db:RBMVC\Core\DB\DB:private] => PDO Object
                        (
                        )

                    [query:RBMVC\Core\DB\DB:private] => RBMVC\Core\DB\Query Object
                        (
                            [dbTable:RBMVC\Core\DB\Query:private] => entry
                            [sql:RBMVC\Core\DB\Query:private] => UPDATE entry SET user_id = :user_id, user = :user, date = :date, title = :title, text = :text WHERE 1=1  AND id = :id 
                            [params:RBMVC\Core\DB\Query:private] => Array
 *RECURSION*
                        )

                )

            [dbTable:protected] => user
        )

    [:date] => 2013-07-07
    [:title] => Mit Action Halper
    [:text] => Heute habe ich ein System für ActionHelper&nbsp;Implementiert, es funktioniert genauso wie das für die ViewHelper dementsprechend habe ich da einiges geändert.
)

[03-Aug-2013 08:15:34 UTC] PHP Catchable fatal error:  Object of class Application\Model\User could not be converted to string in /Users/ricoschulz/www/rbmvc/rbmvc/core/db/db.php on line 76
[03-Aug-2013 08:19:30 UTC] PHP Warning:  PDOStatement::execute(): SQLSTATE[HY093]: Invalid parameter number: number of bound variables does not match number of tokens in /Users/ricoschulz/www/rbmvc/rbmvc/core/db/db.php on line 73
[03-Aug-2013 08:19:48 UTC] PHP Warning:  PDOStatement::execute(): SQLSTATE[HY093]: Invalid parameter number: number of bound variables does not match number of tokens in /Users/ricoschulz/www/rbmvc/rbmvc/core/db/db.php on line 73
[03-Aug-2013 08:19:59 UTC] PHP Warning:  PDOStatement::execute(): SQLSTATE[HY093]: Invalid parameter number: number of bound variables does not match number of tokens in /Users/ricoschulz/www/rbmvc/rbmvc/core/db/db.php on line 73
[03-Aug-2013 08:29:45 UTC] RBMVC\Core\Model\AbstractModel::toArrayForSave::> /**
     * @var int
     * @column user_id
     */
[03-Aug-2013 08:29:45 UTC] RBMVC\Core\Model\AbstractModel::toArrayForSave::> /**
     * @var User
     */
[03-Aug-2013 08:29:45 UTC] RBMVC\Core\Model\AbstractModel::toArrayForSave::> /**
     * @var string
     * @column date
     */
[03-Aug-2013 08:29:45 UTC] RBMVC\Core\Model\AbstractModel::toArrayForSave::> /**
     * @var string
     * @column title
     */
[03-Aug-2013 08:29:45 UTC] RBMVC\Core\Model\AbstractModel::toArrayForSave::> /**
     * @var string
     * @column text
     */
[03-Aug-2013 08:29:45 UTC] RBMVC\Core\Model\AbstractModel::toArrayForSave::> /**
     * @var integer
     */
[03-Aug-2013 08:29:45 UTC] RBMVC\Core\Model\AbstractModel::toArrayForSave::> /**
     * @var DB
     */
[03-Aug-2013 08:29:45 UTC] RBMVC\Core\Model\AbstractModel::toArrayForSave::> /**
     * @var string 
     */
[03-Aug-2013 08:40:52 UTC] RBMVC\Core\Model\AbstractModel::toArrayForSave::> Array
(
)

[03-Aug-2013 08:40:52 UTC] RBMVC\Core\Model\AbstractModel::toArrayForSave::> Array
(
)

[03-Aug-2013 08:40:52 UTC] RBMVC\Core\Model\AbstractModel::toArrayForSave::> Array
(
)

[03-Aug-2013 08:40:52 UTC] RBMVC\Core\Model\AbstractModel::toArrayForSave::> Array
(
)

[03-Aug-2013 08:40:52 UTC] RBMVC\Core\Model\AbstractModel::toArrayForSave::> Array
(
)

[03-Aug-2013 08:40:52 UTC] RBMVC\Core\Model\AbstractModel::toArrayForSave::> Array
(
)

[03-Aug-2013 08:40:52 UTC] RBMVC\Core\Model\AbstractModel::toArrayForSave::> Array
(
)

[03-Aug-2013 08:40:52 UTC] RBMVC\Core\Model\AbstractModel::toArrayForSave::> Array
(
)

[03-Aug-2013 08:42:33 UTC] RBMVC\Core\Model\AbstractModel::toArrayForSave::> Array
(
    [0] => @column user_id

    [1] =>  user_id
    [2] => 

)

[03-Aug-2013 08:42:33 UTC] RBMVC\Core\Model\AbstractModel::toArrayForSave::> userId
[03-Aug-2013 08:42:33 UTC] RBMVC\Core\Model\AbstractModel::toArrayForSave::> Array
(
)

[03-Aug-2013 08:42:33 UTC] RBMVC\Core\Model\AbstractModel::toArrayForSave::> Array
(
    [0] => @column date

    [1] =>  date
    [2] => 

)

[03-Aug-2013 08:42:33 UTC] RBMVC\Core\Model\AbstractModel::toArrayForSave::> date
[03-Aug-2013 08:42:33 UTC] RBMVC\Core\Model\AbstractModel::toArrayForSave::> Array
(
    [0] => @column title

    [1] =>  title
    [2] => 

)

[03-Aug-2013 08:42:33 UTC] RBMVC\Core\Model\AbstractModel::toArrayForSave::> title
[03-Aug-2013 08:42:33 UTC] RBMVC\Core\Model\AbstractModel::toArrayForSave::> Array
(
    [0] => @column text

    [1] =>  text
    [2] => 

)

[03-Aug-2013 08:42:33 UTC] RBMVC\Core\Model\AbstractModel::toArrayForSave::> text
[03-Aug-2013 08:42:33 UTC] RBMVC\Core\Model\AbstractModel::toArrayForSave::> Array
(
)

[03-Aug-2013 08:42:33 UTC] RBMVC\Core\Model\AbstractModel::toArrayForSave::> Array
(
)

[03-Aug-2013 08:42:33 UTC] RBMVC\Core\Model\AbstractModel::toArrayForSave::> Array
(
)

[03-Aug-2013 08:42:33 UTC] PHP Warning:  PDOStatement::execute(): SQLSTATE[HY093]: Invalid parameter number: number of bound variables does not match number of tokens in /Users/ricoschulz/www/rbmvc/rbmvc/core/db/db.php on line 73
[03-Aug-2013 08:43:26 UTC] PHP Warning:  PDOStatement::execute(): SQLSTATE[HY093]: Invalid parameter number: number of bound variables does not match number of tokens in /Users/ricoschulz/www/rbmvc/rbmvc/core/db/db.php on line 73
